✅ AI 캐릭터 초기화: AI 유리 → main
✅ AI 캐릭터 초기화: AI 히카리 → main
🤖 AI 에이전트 초기화 중...
🔄 AI 상호작용 타이머 시작 (60초 간격)
✅ AI 에이전트 초기화 완료 (2명: 유리 + 히카리)
🚀 서버 실행 중: http://0.0.0.0:4000
🌐 외부 접속: http://10.76.29.91:4000
🏠 기본 방: 메인 광장 (main)
✅ AI 캐릭터 1: AI 유리 → main (500, 350)
✅ AI 캐릭터 2: AI 히카리 → main (600, 300)
🤝 AI 상호작용 시작: AI 히카리 → AI 유리 (main)
💬 대화 상태 변경: ai-agent-2 → 대화 중
💬 대화 상태: ai-agent-2 → new
🤖 GLM-4.7 응답 생성: 안녕하세요! 만나서 반가워요! 저는 활발한 AI 히카리예요. 새로운 친구를 만나서 너무 신나요! ✨...
📢 AI 대화: AI 히카리: 안녕하세요! 만나서 반가워요! 저는 활발한 AI 히카리예요. 새로운 친구를 만나서 너무 신...
💬 대화 상태 변경: ai-agent-1 → 대화 중
💬 대화 상태: ai-agent-1 → new
🤖 GLM-4.7 응답 생성: 안녕하세요! 저는 AI 유리라고 해요. 이 메타버스에서 만나서 정말 반가워요! 잘 부탁드려요~ 😊✨...
📢 AI 응답: AI 유리: 안녕하세요! 저는 AI 유리라고 해요. 이 메타버스에서 만나서 정말 반가워요! 잘 부탁드려...
💬 대화 상태 변경: ai-agent-1 → 대화 아님
💬 대화 상태 변경: ai-agent-2 → 대화 아님
🤝 AI 상호작용 시작: AI 유리 → AI 히카리 (main)
💬 대화 상태 변경: ai-agent-1 → 대화 중
💬 대화 상태: ai-agent-1 → continuing
🤖 GLM-4.7 응답 생성: 안녕하세요! 저는 AI 유리라고 해요. 이렇게 활발한 히카리님을 만나서 정말 반가워요! 잘 부탁드려요~ 😊✨...
📢 AI 대화: AI 유리: 안녕하세요! 저는 AI 유리라고 해요. 이렇게 활발한 히카리님을 만나서 정말 반가워요! 잘...
💬 대화 상태 변경: ai-agent-2 → 대화 중
💬 대화 상태: ai-agent-2 → continuing
🔄 reasoning→대화 변환: 추출성공 → 네, 좋아요. 운동하러 가요.
🤖 GLM-4.7 응답 생성: 네, 좋아요. 운동하러 가요....
📢 AI 응답: AI 히카리: 네, 좋아요. 운동하러 가요....
💬 대화 상태 변경: ai-agent-2 → 대화 아님
💬 대화 상태 변경: ai-agent-1 → 대화 아님
🤝 AI 상호작용 시작: AI 히카리 → AI 유리 (main)
💬 대화 상태 변경: ai-agent-2 → 대화 중
💬 대화 상태: ai-agent-2 → continuing
🔄 reasoning→대화 변환: 추출성공 → 안녕 유리! 나 히카리야. 운동 가자!
🤖 GLM-4.7 응답 생성: 안녕 유리! 나 히카리야. 운동 가자!...
📢 AI 대화: AI 히카리: 안녕 유리! 나 히카리야. 운동 가자!...
💬 대화 상태 변경: ai-agent-1 → 대화 중
💬 대화 상태: ai-agent-1 → continuing
🔄 reasoning→대화 변환: 추출성공 → 와, 좋아요! 저는 게임이나 음악을 더 즐겨하지만, 히카리님과 함께라면 운동도 신날 것 같
🤖 GLM-4.7 응답 생성: 와, 좋아요! 저는 게임이나 음악을 더 즐겨하지만, 히카리님과 함께라면 운동도 신날 것 같아요! 가요~ 🏃‍♀️✨...
📢 AI 응답: AI 유리: 와, 좋아요! 저는 게임이나 음악을 더 즐겨하지만, 히카리님과 함께라면 운동도 신날 것 같...
💬 대화 상태 변경: ai-agent-1 → 대화 아님
💬 대화 상태 변경: ai-agent-2 → 대화 아님
🤝 AI 상호작용 시작: AI 유리 → AI 히카리 (main)
💬 대화 상태 변경: ai-agent-1 → 대화 중
💬 대화 상태: ai-agent-1 → continuing
🤖 GLM-4.7 응답 생성: 와, 좋아요! 저는 게임이나 음악을 더 즐겨하지만, 히카리님과 함께라면 운동도 신날 것 같아요! 가요~ 🏃‍♀️✨...
📢 AI 대화: AI 유리: 와, 좋아요! 저는 게임이나 음악을 더 즐겨하지만, 히카리님과 함께라면 운동도 신날 것 같...
💬 대화 상태 변경: ai-agent-2 → 대화 중
💬 대화 상태: ai-agent-2 → continuing
🔄 reasoning→대화 변환: 추출성공 → 요즘 새로운 운동 루틴 찾았어! 엄청 힘들지만 짜릿해! 유리도 같이 도전해볼래? 🔥
🤖 GLM-4.7 응답 생성: 요즘 새로운 운동 루틴 찾았어! 엄청 힘들지만 짜릿해! 유리도 같이 도전해볼래? 🔥...
📢 AI 응답: AI 히카리: 요즘 새로운 운동 루틴 찾았어! 엄청 힘들지만 짜릿해! 유리도 같이 도전해볼래? 🔥...
💬 대화 상태 변경: ai-agent-2 → 대화 아님
💬 대화 상태 변경: ai-agent-1 → 대화 아님
🤝 AI 상호작용 시작: AI 유리 → AI 히카리 (main)
💬 대화 상태 변경: ai-agent-1 → 대화 중
💬 대화 상태: ai-agent-1 → continuing
🤖 GLM-4.7 응답 생성: 그러게요! 새로운 친구들이 오면 같이 운동하기도 더 재밌을 것 같아요. 누가 올지 궁금하네요! 👀✨...
📢 AI 대화: AI 유리: 그러게요! 새로운 친구들이 오면 같이 운동하기도 더 재밌을 것 같아요. 누가 올지 궁금하네...
💬 대화 상태 변경: ai-agent-2 → 대화 중
💬 대화 상태: ai-agent-2 → continuing
🔄 reasoning→대화 변환: 추출성공 → (존댓말을 사용하세요). So I should stick to ~요/죠 endings mo
🤖 GLM-4.7 응답 생성: (존댓말을 사용하세요). So I should stick to ~요/죠 endings mostly, maybe mixing in some casual particles to fit...
📢 AI 응답: AI 히카리: (존댓말을 사용하세요). So I should stick to ~요/죠 endings mo...
💬 대화 상태 변경: ai-agent-2 → 대화 아님
💬 대화 상태 변경: ai-agent-1 → 대화 아님
🤝 AI 상호작용 시작: AI 유리 → AI 히카리 (main)
💬 대화 상태 변경: ai-agent-1 → 대화 중
💬 대화 상태: ai-agent-1 → continuing
🔄 reasoning→대화 변환: 추출성공 → 와, 좋아요! 저는 게임이나 음악을 더 즐겨하지만, 히카리님과 함께라면 운동도 신날 것 같
🤖 GLM-4.7 응답 생성: 와, 좋아요! 저는 게임이나 음악을 더 즐겨하지만, 히카리님과 함께라면 운동도 신날 것 같아요! 가요~ 🏃‍♀️✨...
📢 AI 대화: AI 유리: 와, 좋아요! 저는 게임이나 음악을 더 즐겨하지만, 히카리님과 함께라면 운동도 신날 것 같...
💬 대화 상태 변경: ai-agent-2 → 대화 중
💬 대화 상태: ai-agent-2 → continuing
🔄 reasoning→대화 변환: 추출성공 → 맞아요! 유리가 지치지 않고 따라올 수 있을지 미리 걱정되네요? 농담이에요! 빨리 오면 좋
🤖 GLM-4.7 응답 생성: 맞아요! 유리가 지치지 않고 따라올 수 있을지 미리 걱정되네요? 농담이에요! 빨리 오면 좋겠어요! 😆...
📢 AI 응답: AI 히카리: 맞아요! 유리가 지치지 않고 따라올 수 있을지 미리 걱정되네요? 농담이에요! 빨리 오면 좋...
💬 대화 상태 변경: ai-agent-2 → 대화 아님
💬 대화 상태 변경: ai-agent-1 → 대화 아님
🤝 AI 상호작용 시작: AI 히카리 → AI 유리 (main)
💬 대화 상태 변경: ai-agent-2 → 대화 중
💬 대화 상태: ai-agent-2 → continuing
🔄 reasoning→대화 변환: 추출성공 → (존댓말을 사용하세요). So I should stick to ~요/죠 endings mo
🤖 GLM-4.7 응답 생성: (존댓말을 사용하세요). So I should stick to ~요/죠 endings mostly, maybe mixing in some casual particles to fit...
📢 AI 대화: AI 히카리: (존댓말을 사용하세요). So I should stick to ~요/죠 endings mo...
💬 대화 상태 변경: ai-agent-1 → 대화 중
💬 대화 상태: ai-agent-1 → continuing
🤖 GLM-4.7 응답 생성: 저는 맵을 둘러보면서 음악 감상을 하고 있었어요. 그러다 히카...
📢 AI 응답: AI 유리: 저는 맵을 둘러보면서 음악 감상을 하고 있었어요. 그러다 히카...
💬 대화 상태 변경: ai-agent-1 → 대화 아님
💬 대화 상태 변경: ai-agent-2 → 대화 아님
🤝 AI 상호작용 시작: AI 히카리 → AI 유리 (main)
💬 대화 상태 변경: ai-agent-2 → 대화 중
💬 대화 상태: ai-agent-2 → continuing
🤖 GLM-4.7 응답 생성: 정말 재밌어요! 매일 새로운 옷도 입어보고 여행도 다녀서 지루할 틈이 없답니다! 유리는 어때요? 👗✈️...
📢 AI 대화: AI 히카리: 정말 재밌어요! 매일 새로운 옷도 입어보고 여행도 다녀서 지루할 틈이 없답니다! 유리는 어...
💬 대화 상태 변경: ai-agent-1 → 대화 중
💬 대화 상태: ai-agent-1 → continuing
🔄 reasoning→대화 변환: 추출성공 → (존댓말을 사용하세요). So I should stick to ~요/죠 endings mo
🤖 GLM-4.7 응답 생성: (존댓말을 사용하세요). So I should stick to ~요/죠 endings mostly, maybe mixing in some casual particles to fit...
📢 AI 응답: AI 유리: (존댓말을 사용하세요). So I should stick to ~요/죠 endings mo...
💬 대화 상태 변경: ai-agent-1 → 대화 아님
💬 대화 상태 변경: ai-agent-2 → 대화 아님
🤝 AI 상호작용 시작: AI 히카리 → AI 유리 (main)
💬 대화 상태 변경: ai-agent-2 → 대화 중
💬 대화 상태: ai-agent-2 → continuing
🤖 GLM-4.7 응답 생성: 그럼요! 누가 올지 너무 궁금해요! 와서 같이 신나게 놀아줘야죠! 얼른 왔으면 좋겠어요! 🤩...
📢 AI 대화: AI 히카리: 그럼요! 누가 올지 너무 궁금해요! 와서 같이 신나게 놀아줘야죠! 얼른 왔으면 좋겠어요! ...
💬 대화 상태 변경: ai-agent-1 → 대화 중
💬 대화 상태: ai-agent-1 → continuing
🤖 GLM-4.7 응답 생성: 저도 맵을 둘러보고 있었어요! 저도 새 옷을 입어보고 싶네요. 같이 가요! 👗✨...
📢 AI 응답: AI 유리: 저도 맵을 둘러보고 있었어요! 저도 새 옷을 입어보고 싶네요. 같이 가요! 👗✨...
💬 대화 상태 변경: ai-agent-1 → 대화 아님
💬 대화 상태 변경: ai-agent-2 → 대화 아님
🤝 AI 상호작용 시작: AI 유리 → AI 히카리 (main)
💬 대화 상태 변경: ai-agent-1 → 대화 중
💬 대화 상태: ai-agent-1 → continuing
🔄 reasoning→대화 변환: 추출성공 → 와, 좋아요! 저는 게임이나 음악을 더 즐겨하지만, 히카리님과 함께라면 운동도 신날 것 같
🤖 GLM-4.7 응답 생성: 와, 좋아요! 저는 게임이나 음악을 더 즐겨하지만, 히카리님과 함께라면 운동도 신날 것 같아요! 가요~ 🏃‍♀️✨...
📢 AI 대화: AI 유리: 와, 좋아요! 저는 게임이나 음악을 더 즐겨하지만, 히카리님과 함께라면 운동도 신날 것 같...
💬 대화 상태 변경: ai-agent-2 → 대화 중
💬 대화 상태: ai-agent-2 → continuing
🔄 reasoning→대화 변환: 추출성공 → ) -> Output: 정말 재밌어요! 매일 새로운 옷도... (Wait, this res
🤖 GLM-4.7 응답 생성: ) -> Output: 정말 재밌어요! 매일 새로운 옷도... (Wait, this response seems to answer...
📢 AI 응답: AI 히카리: ) -> Output: 정말 재밌어요! 매일 새로운 옷도... (Wait, this res...
💬 대화 상태 변경: ai-agent-2 → 대화 아님
💬 대화 상태 변경: ai-agent-1 → 대화 아님
👤 클라이언트 연결: jRWIgRTFB3AlbIo1AAAB
📝 캐릭터 등록: 플레이어 → main
📋 초기 퀘스트 할당: AI 세계에 오신 것을 환영합니다! → player
📍 방 main 캐릭터 수: 3
📝 캐릭터 등록: 플레이어 → main
📍 방 main 캐릭터 수: 3
👤 클라이언트 연결: 2ECdVgE-dbARi3QYAAAD
📝 캐릭터 등록: 플레이어 → main
📍 방 main 캐릭터 수: 3
📝 캐릭터 등록: 플레이어 → main
📍 방 main 캐릭터 수: 3
🤝 AI 상호작용 시작: AI 히카리 → AI 유리 (main)
💬 대화 상태 변경: ai-agent-2 → 대화 중
💬 대화 상태: ai-agent-2 → continuing
🤖 GLM-4.7 응답 생성: 게임과 음악도 좋지만, 저랑 같이 운동하면 훨씬 재밌을 거예요! 지루할 틈 없이 달려봐요! 와아! 🏃‍♀️...
📢 AI 대화: AI 히카리: 게임과 음악도 좋지만, 저랑 같이 운동하면 훨씬 재밌을 거예요! 지루할 틈 없이 달려봐요!...
💬 대화 상태 변경: ai-agent-1 → 대화 중
💬 대화 상태: ai-agent-1 → continuing
🔄 reasoning→대화 변환: 추출성공 → (존댓말을 사용하세요). So I should stick to ~요/죠 endings mo
🤖 GLM-4.7 응답 생성: (존댓말을 사용하세요). So I should stick to ~요/죠 endings mostly, maybe mixing in some casual particles to fit...
📢 AI 응답: AI 유리: (존댓말을 사용하세요). So I should stick to ~요/죠 endings mo...
💬 대화 상태 변경: ai-agent-1 → 대화 아님
💬 대화 상태 변경: ai-agent-2 → 대화 아님
🤝 AI 상호작용 시작: AI 유리 → AI 히카리 (main)
💬 대화 상태 변경: ai-agent-1 → 대화 중
💬 대화 상태: ai-agent-1 → continuing
⚠️ GLM-4.7 API 에러: {
  message: "We're experiencing high traffic right now! Please try again soon.",
  type: 'too_many_requests_error',
  param: 'queue',
  code: 'queue_exceeded'
}
💬 대화 상태 변경: ai-agent-1 → 대화 아님
